<?xml version="1.0" encoding="UTF-8"?>
<!-- Generated by org.testng.reporters.JUnitReportReporter -->
<testsuite skipped="0" hostname="DESKTOP-ULL41SB" name="execution.Execute" tests="3" failures="0" timestamp="2021-06-03T16:18:11 IST" time="155.660" errors="0">
  <testcase name="launcgingApplication" time="65.875" classname="execution.Execute"/>
  <system-out/>
  <testcase name="userLoging" time="4.238" classname="execution.Execute"/>
  <system-out/>
  <testcase name="CreateFolder" time="85.547" classname="execution.Execute"/>
  <system-out/>
</testsuite> <!-- execution.Execute -->
