<?xml version="1.0" encoding="UTF-8"?>
<!-- Generated by org.testng.reporters.JUnitReportReporter -->
<testsuite skipped="0" hostname="DESKTOP-ULL41SB" name="execution.Execute" tests="3" failures="0" timestamp="2021-06-07T14:48:02 IST" time="66.549" errors="0">
  <testcase name="launcgingApplication" time="12.479" classname="execution.Execute"/>
  <system-out/>
  <testcase name="userLoging" time="3.934" classname="execution.Execute"/>
  <system-out/>
  <testcase name="CreateFolder" time="50.136" classname="execution.Execute"/>
  <system-out/>
</testsuite> <!-- execution.Execute -->
